<?xml version="1.0" encoding="UTF-8"?>
<!-- Generated by org.testng.reporters.JUnitReportReporter -->
<testsuite hostname="DESKTOP-TQ5Q620" failures="0" tests="1" name="comprotrainingtechorg.PracticeOfProtrainingtech.FindOfElements" time="0.949" errors="0" timestamp="2021-11-14T11:01:05 EST" skipped="0">
  <testcase classname="comprotrainingtechorg.PracticeOfProtrainingtech.FindOfElements" name="f" time="0.949"/>
  <system-out/>
</testsuite> <!-- comprotrainingtechorg.PracticeOfProtrainingtech.FindOfElements -->
