<?xml version="1.0" encoding="UTF-8"?>
<!-- Generated by org.testng.reporters.JUnitReportReporter -->
<testsuite hostname="DESKTOP-TQ5Q620" failures="0" tests="3" name="comprotrainingtechorg.PracticeOfProtrainingtech.Annotations" time="0.012" errors="0" timestamp="2021-10-30T10:39:45 EDT" skipped="0">
  <testcase classname="comprotrainingtechorg.PracticeOfProtrainingtech.Annotations" name="f" time="0.008"/>
  <system-out/>
  <testcase classname="comprotrainingtechorg.PracticeOfProtrainingtech.Annotations" name="test2" time="0.003"/>
  <system-out/>
  <testcase classname="comprotrainingtechorg.PracticeOfProtrainingtech.Annotations" name="test3" time="0.001"/>
  <system-out/>
</testsuite> <!-- comprotrainingtechorg.PracticeOfProtrainingtech.Annotations -->
