<?xml version="1.0" encoding="UTF-8"?>
<!-- Generated by org.testng.reporters.JUnitReportReporter -->
<testsuite hostname="DESKTOP-TQ5Q620" failures="0" tests="1" name="comprotrainingtechorg.PracticeOfProtrainingtech.Property" time="6.505" errors="0" timestamp="2021-11-14T10:24:57 EST" skipped="0">
  <testcase classname="comprotrainingtechorg.PracticeOfProtrainingtech.Property" name="f" time="6.505"/>
  <system-out/>
</testsuite> <!-- comprotrainingtechorg.PracticeOfProtrainingtech.Property -->
